Start testing: Sep 14 23:46 中国标准时间
----------------------------------------------------------
1/4 Testing: smoke
1/4 Test: smoke
Command: "C:/Users/25686/Desktop/OOP/build/fanlx_app.exe" "--demo"
Directory: C:/Users/25686/Desktop/OOP/build
"smoke" start time: Sep 14 23:46 中国标准时间
Output:
----------------------------------------------------------
Group switch: members preserved, stable address=true
Restart: generation=5 mode=Wechat logged-in=false
ARC query=42
Evidence directory: C:\Users\25686\AppData\Local\Temp\fanlx-demo-5380-19737828
<end of output>
Test time =   0.38 sec
----------------------------------------------------------
Test Passed.
"smoke" end time: Sep 14 23:46 中国标准时间
"smoke" time elapsed: 00:00:00
----------------------------------------------------------

2/4 Testing: cache_behavior
2/4 Test: cache_behavior
Command: "C:/Users/25686/Desktop/OOP/build/cache_tests.exe"
Directory: C:/Users/25686/Desktop/OOP/build
"cache_behavior" start time: Sep 14 23:46 中国标准时间
Output:
----------------------------------------------------------
<end of output>
Test time =   0.02 sec
----------------------------------------------------------
Test Passed.
"cache_behavior" end time: Sep 14 23:46 中国标准时间
"cache_behavior" time elapsed: 00:00:00
----------------------------------------------------------

3/4 Testing: group_behavior
3/4 Test: group_behavior
Command: "C:/Users/25686/Desktop/OOP/build/group_tests.exe"
Directory: C:/Users/25686/Desktop/OOP/build
"group_behavior" start time: Sep 14 23:46 中国标准时间
Output:
----------------------------------------------------------
<end of output>
Test time =   0.02 sec
----------------------------------------------------------
Test Passed.
"group_behavior" end time: Sep 14 23:46 中国标准时间
"group_behavior" time elapsed: 00:00:00
----------------------------------------------------------

4/4 Testing: persistence_behavior
4/4 Test: persistence_behavior
Command: "C:/Users/25686/Desktop/OOP/build/persistence_tests.exe"
Directory: C:/Users/25686/Desktop/OOP/build
"persistence_behavior" start time: Sep 14 23:46 中国标准时间
Output:
----------------------------------------------------------
T11/T12: round-trip, transactions, recovery, faults and subprocess crash checks passed
<end of output>
Test time =   2.62 sec
----------------------------------------------------------
Test Passed.
"persistence_behavior" end time: Sep 14 23:46 中国标准时间
"persistence_behavior" time elapsed: 00:00:02
----------------------------------------------------------

End testing: Sep 14 23:46 中国标准时间
